
-----------------------------------------------------------------
Starting new Tacotron training run
-----------------------------------------------------------------

-----------------------------------------------------------------
Starting new Tacotron training run
-----------------------------------------------------------------

-----------------------------------------------------------------
Starting new Tacotron training run
-----------------------------------------------------------------

-----------------------------------------------------------------
Starting new Tacotron training run
-----------------------------------------------------------------

-----------------------------------------------------------------
Starting new Tacotron training run
-----------------------------------------------------------------

-----------------------------------------------------------------
Starting new Tacotron training run
-----------------------------------------------------------------
[2022-01-09 22:29:24.417]  Model training set to a maximum of 400000 steps
[2022-01-09 22:29:29.271]  FLOPs: 303957661
[2022-01-09 22:29:29.271]  Trainable params: 27350770
