This file contains any messages produced by compilers while
running configure, to aid debugging if configure makes a mistake.

It was created by configure, which was
generated by GNU Autoconf 2.68.  Invocation command line was

  $ ./configure --prefix=/root/speech/TTS_Course/02_front_end/2-1_word_seg/tools/CRF++-0.58/build

## --------- ##
## Platform. ##
## --------- ##

hostname = DESKTOP-SJD56LO
uname -m = x86_64
uname -r = 4.19.128-microsoft-standard
uname -s = Linux
uname -v = #1 SMP Tue Jun 23 12:58:10 UTC 2020

/usr/bin/uname -p = x86_64
/bin/uname -X     = unknown

/bin/arch              = x86_64
/usr/bin/arch -k       = unknown
/usr/convex/getsysinfo = unknown
/usr/bin/hostinfo      = unknown
/bin/machine           = unknown
/usr/bin/oslevel       = unknown
/bin/universe          = unknown

PATH: /root/srilm/bin/i686-m64
PATH: /usr/local/sbin
PATH: /usr/local/bin
PATH: /usr/sbin
PATH: /usr/bin
PATH: /sbin
PATH: /bin
PATH: /usr/games
PATH: /usr/local/games
PATH: /usr/lib/wsl/lib
PATH: /snap/bin
PATH: /opt/node/bin


## ----------- ##
## Core tests. ##
## ----------- ##

configure:2545: checking for a BSD-compatible install
configure:2613: result: /usr/bin/install -c
configure:2624: checking whether build environment is sane
configure:2674: result: yes
configure:2815: checking for a thread-safe mkdir -p
configure:2854: result: /usr/bin/mkdir -p
configure:2867: checking for gawk
configure:2883: found /usr/bin/gawk
configure:2894: result: gawk
configure:2905: checking whether make sets $(MAKE)
configure:2927: result: yes
configure:3056: checking for gcc
configure:3072: found /usr/bin/gcc
configure:3083: result: gcc
configure:3312: checking for C compiler version
configure:3321: gcc --version >&5
gcc (Ubuntu 9.3.0-17ubuntu1~20.04) 9.3.0
Copyright (C) 2019 Free Software Foundation, Inc.
This is free software; see the source for copying conditions.  There is NO
warranty; not even for MERCHANTABILITY or FITNESS FOR A PARTICULAR PURPOSE.

configure:3332: $? = 0
configure:3321: gcc -v >&5
Using built-in specs.
COLLECT_GCC=gcc
COLLECT_LTO_WRAPPER=/usr/lib/gcc/x86_64-linux-gnu/9/lto-wrapper
OFFLOAD_TARGET_NAMES=nvptx-none:hsa
OFFLOAD_TARGET_DEFAULT=1
Target: x86_64-linux-gnu
Configured with: ../src/configure -v --with-pkgversion='Ubuntu 9.3.0-17ubuntu1~20.04' --with-bugurl=file:///usr/share/doc/gcc-9/README.Bugs --enable-languages=c,ada,c++,go,brig,d,fortran,objc,obj-c++,gm2 --prefix=/usr --with-gcc-major-version-only --program-suffix=-9 --program-prefix=x86_64-linux-gnu- --enable-shared --enable-linker-build-id --libexecdir=/usr/lib --without-included-gettext --enable-threads=posix --libdir=/usr/lib --enable-nls --enable-clocale=gnu --enable-libstdcxx-debug --enable-libstdcxx-time=yes --with-default-libstdcxx-abi=new --enable-gnu-unique-object --disable-vtable-verify --enable-plugin --enable-default-pie --with-system-zlib --with-target-system-zlib=auto --enable-objc-gc=auto --enable-multiarch --disable-werror --with-arch-32=i686 --with-abi=m64 --with-multilib-list=m32,m64,mx32 --enable-multilib --with-tune=generic --enable-offload-targets=nvptx-none=/build/gcc-9-HskZEa/gcc-9-9.3.0/debian/tmp-nvptx/usr,hsa --without-cuda-driver --enable-checking=release --build=x86_64-linux-gnu --host=x86_64-linux-gnu --target=x86_64-linux-gnu
Thread model: posix
gcc version 9.3.0 (Ubuntu 9.3.0-17ubuntu1~20.04) 
configure:3332: $? = 0
configure:3321: gcc -V >&5
gcc: error: unrecognized command line option '-V'
gcc: fatal error: no input files
compilation terminated.
configure:3332: $? = 1
configure:3321: gcc -qversion >&5
gcc: error: unrecognized command line option '-qversion'; did you mean '--version'?
gcc: fatal error: no input files
compilation terminated.
configure:3332: $? = 1
configure:3352: checking whether the C compiler works
configure:3374: gcc    conftest.c  >&5
configure:3378: $? = 0
configure:3426: result: yes
configure:3429: checking for C compiler default output file name
configure:3431: result: a.out
configure:3437: checking for suffix of executables
configure:3444: gcc -o conftest    conftest.c  >&5
configure:3448: $? = 0
configure:3470: result: 
configure:3492: checking whether we are cross compiling
configure:3500: gcc -o conftest    conftest.c  >&5
configure:3504: $? = 0
configure:3511: ./conftest
configure:3515: $? = 0
configure:3503: result: no
configure:3508: checking for suffix of object files
configure:3530: gcc -c   conftest.c >&5
configure:3534: $? = 0
configure:3555: result: o
configure:3559: checking whether we are using the GNU C compiler
configure:3578: gcc -c   conftest.c >&5
configure:3578: $? = 0
configure:3587: result: yes
configure:3596: checking whether gcc accepts -g
configure:3616: gcc -c -g  conftest.c >&5
configure:3616: $? = 0
configure:3657: result: yes
configure:3674: checking for gcc option to accept ISO C89
configure:3738: gcc  -c -g -O2  conftest.c >&5
configure:3738: $? = 0
configure:3751: result: none needed
configure:3782: checking for style of include used by make
configure:3810: result: GNU
configure:3836: checking dependency style of gcc
configure:3947: result: gcc3
configure:4020: checking for g++
configure:4036: found /usr/bin/g++
configure:4047: result: g++
configure:4074: checking for C++ compiler version
configure:4083: g++ --version >&5
g++ (Ubuntu 9.3.0-17ubuntu1~20.04) 9.3.0
Copyright (C) 2019 Free Software Foundation, Inc.
This is free software; see the source for copying conditions.  There is NO
warranty; not even for MERCHANTABILITY or FITNESS FOR A PARTICULAR PURPOSE.

configure:4094: $? = 0
configure:4083: g++ -v >&5
Using built-in specs.
COLLECT_GCC=g++
COLLECT_LTO_WRAPPER=/usr/lib/gcc/x86_64-linux-gnu/9/lto-wrapper
OFFLOAD_TARGET_NAMES=nvptx-none:hsa
OFFLOAD_TARGET_DEFAULT=1
Target: x86_64-linux-gnu
Configured with: ../src/configure -v --with-pkgversion='Ubuntu 9.3.0-17ubuntu1~20.04' --with-bugurl=file:///usr/share/doc/gcc-9/README.Bugs --enable-languages=c,ada,c++,go,brig,d,fortran,objc,obj-c++,gm2 --prefix=/usr --with-gcc-major-version-only --program-suffix=-9 --program-prefix=x86_64-linux-gnu- --enable-shared --enable-linker-build-id --libexecdir=/usr/lib --without-included-gettext --enable-threads=posix --libdir=/usr/lib --enable-nls --enable-clocale=gnu --enable-libstdcxx-debug --enable-libstdcxx-time=yes --with-default-libstdcxx-abi=new --enable-gnu-unique-object --disable-vtable-verify --enable-plugin --enable-default-pie --with-system-zlib --with-target-system-zlib=auto --enable-objc-gc=auto --enable-multiarch --disable-werror --with-arch-32=i686 --with-abi=m64 --with-multilib-list=m32,m64,mx32 --enable-multilib --with-tune=generic --enable-offload-targets=nvptx-none=/build/gcc-9-HskZEa/gcc-9-9.3.0/debian/tmp-nvptx/usr,hsa --without-cuda-driver --enable-checking=release --build=x86_64-linux-gnu --host=x86_64-linux-gnu --target=x86_64-linux-gnu
Thread model: posix
gcc version 9.3.0 (Ubuntu 9.3.0-17ubuntu1~20.04) 
configure:4094: $? = 0
configure:4083: g++ -V >&5
g++: error: unrecognized command line option '-V'
g++: fatal error: no input files
compilation terminated.
configure:4094: $? = 1
configure:4083: g++ -qversion >&5
g++: error: unrecognized command line option '-qversion'; did you mean '--version'?
g++: fatal error: no input files
compilation terminated.
configure:4094: $? = 1
configure:4098: checking whether we are using the GNU C++ compiler
configure:4117: g++ -c   conftest.cpp >&5
configure:4117: $? = 0
configure:4126: result: yes
configure:4135: checking whether g++ accepts -g
configure:4155: g++ -c -g  conftest.cpp >&5
configure:4155: $? = 0
configure:4196: result: yes
configure:4221: checking dependency style of g++
configure:4332: result: gcc3
configure:4353: checking how to run the C preprocessor
configure:4384: gcc -E  conftest.c
configure:4384: $? = 0
configure:4398: gcc -E  conftest.c
conftest.c:11:10: fatal error: ac_nonexistent.h: No such file or directory
   11 | #include <ac_nonexistent.h>
      |          ^~~~~~~~~~~~~~~~~~
compilation terminated.
configure:4398: $? = 1
configure: failed program was:
| /* confdefs.h */
| #define PACKAGE_NAME ""
| #define PACKAGE_TARNAME ""
| #define PACKAGE_VERSION ""
| #define PACKAGE_STRING ""
| #define PACKAGE_BUGREPORT ""
| #define PACKAGE_URL ""
| #define PACKAGE "CRF++"
| #define VERSION "0.58"
| /* end confdefs.h.  */
| #include <ac_nonexistent.h>
configure:4423: result: gcc -E
configure:4443: gcc -E  conftest.c
configure:4443: $? = 0
configure:4457: gcc -E  conftest.c
conftest.c:11:10: fatal error: ac_nonexistent.h: No such file or directory
   11 | #include <ac_nonexistent.h>
      |          ^~~~~~~~~~~~~~~~~~
compilation terminated.
configure:4457: $? = 1
configure: failed program was:
| /* confdefs.h */
| #define PACKAGE_NAME ""
| #define PACKAGE_TARNAME ""
| #define PACKAGE_VERSION ""
| #define PACKAGE_STRING ""
| #define PACKAGE_BUGREPORT ""
| #define PACKAGE_URL ""
| #define PACKAGE "CRF++"
| #define VERSION "0.58"
| /* end confdefs.h.  */
| #include <ac_nonexistent.h>
configure:4486: checking for grep that handles long lines and -e
configure:4544: result: /usr/bin/grep
configure:4549: checking for egrep
configure:4611: result: /usr/bin/grep -E
configure:4617: checking whether gcc needs -traditional
configure:4651: result: no
configure:4658: checking whether make sets $(MAKE)
configure:4680: result: yes
configure:4689: checking for library containing strerror
configure:4720: gcc -o conftest -g -O2   conftest.c  >&5
configure:4720: $? = 0
configure:4737: result: none required
configure:4749: checking build system type
configure:4763: result: x86_64-unknown-linux-gnu
configure:4783: checking host system type
configure:4796: result: x86_64-unknown-linux-gnu
configure:4874: checking how to print strings
configure:4901: result: printf
configure:4922: checking for a sed that does not truncate output
configure:4986: result: /usr/bin/sed
configure:5004: checking for fgrep
configure:5066: result: /usr/bin/grep -F
configure:5101: checking for ld used by gcc
configure:5168: result: /usr/bin/ld
configure:5175: checking if the linker (/usr/bin/ld) is GNU ld
configure:5190: result: yes
configure:5202: checking for BSD- or MS-compatible name lister (nm)
configure:5251: result: /usr/bin/nm -B
configure:5381: checking the name lister (/usr/bin/nm -B) interface
configure:5388: g++ -c -g -O2  conftest.cpp >&5
configure:5391: /usr/bin/nm -B "conftest.o"
configure:5394: output
0000000000000000 B some_variable
configure:5395: result: BSD nm
configure:5398: checking whether ln -s works
configure:5402: result: yes
configure:5410: checking the maximum length of command line arguments
configure:5540: result: 1572864
configure:5557: checking whether the shell understands some XSI constructs
configure:5566: result: yes
configure:5570: checking whether the shell understands "+="
configure:5574: result: yes
configure:5609: checking how to convert x86_64-unknown-linux-gnu file names to x86_64-unknown-linux-gnu format
configure:5649: result: func_convert_file_noop
configure:5656: checking how to convert x86_64-unknown-linux-gnu file names to toolchain format
configure:5676: result: func_convert_file_noop
configure:5683: checking for /usr/bin/ld option to reload object files
configure:5690: result: -r
configure:5764: checking for objdump
configure:5780: found /usr/bin/objdump
configure:5791: result: objdump
configure:5823: checking how to recognize dependent libraries
configure:6025: result: pass_all
configure:6110: checking for dlltool
configure:6140: result: no
configure:6170: checking how to associate runtime and link libraries
configure:6197: result: printf %s\n
configure:6258: checking for ar
configure:6274: found /usr/bin/ar
configure:6285: result: ar
configure:6322: checking for archiver @FILE support
configure:6339: g++ -c -g -O2  conftest.cpp >&5
configure:6339: $? = 0
configure:6342: ar cru libconftest.a @conftest.lst >&5
ar: `u' modifier ignored since `D' is the default (see `U')
configure:6345: $? = 0
configure:6350: ar cru libconftest.a @conftest.lst >&5
ar: `u' modifier ignored since `D' is the default (see `U')
ar: conftest.o: No such file or directory
configure:6353: $? = 1
configure:6352: result: @
configure:6410: checking for strip
configure:6426: found /usr/bin/strip
configure:6437: result: strip
configure:6509: checking for ranlib
configure:6525: found /usr/bin/ranlib
configure:6536: result: ranlib
configure:6638: checking command to parse /usr/bin/nm -B output from gcc object
configure:6758: g++ -c -g -O2  conftest.cpp >&5
configure:6761: $? = 0
configure:6765: /usr/bin/nm -B conftest.o \| sed -n -e 's/^.*[ ]\([ABCDGIRSTW][ABCDGIRSTW]*\)[ ][ ]*\([_A-Za-z][_A-Za-z0-9]*\)$/\1 \2 \2/p' | sed '/ __gnu_lto/d' \> conftest.nm
configure:6768: $? = 0
configure:6834: g++ -o conftest -g -O2   conftest.cpp conftstm.o >&5
configure:6837: $? = 0
configure:6875: result: ok
configure:6912: checking for sysroot
configure:6942: result: no
configure:7019: g++ -c -g -O2  conftest.cpp >&5
configure:7022: $? = 0
configure:7198: checking for mt
configure:7214: found /usr/bin/mt
configure:7225: result: mt
configure:7248: checking if mt is a manifest tool
configure:7254: mt '-?'
configure:7262: result: no
configure:7899: checking for ANSI C header files
configure:7919: g++ -c -g -O2  conftest.cpp >&5
configure:7919: $? = 0
./configure: line 7933: conftest.cpp: command not found
configure:8003: result: no
configure:8016: checking for sys/types.h
configure:8016: g++ -c -g -O2  conftest.cpp >&5
configure:8016: $? = 0
configure:8016: result: yes
configure:8016: checking for sys/stat.h
configure:8016: g++ -c -g -O2  conftest.cpp >&5
configure:8016: $? = 0
configure:8016: result: yes
configure:8016: checking for stdlib.h
configure:8016: g++ -c -g -O2  conftest.cpp >&5
configure:8016: $? = 0
configure:8016: result: yes
configure:8016: checking for string.h
configure:8016: g++ -c -g -O2  conftest.cpp >&5
configure:8016: $? = 0
configure:8016: result: yes
configure:8016: checking for memory.h
configure:8016: g++ -c -g -O2  conftest.cpp >&5
configure:8016: $? = 0
configure:8016: result: yes
configure:8016: checking for strings.h
configure:8016: g++ -c -g -O2  conftest.cpp >&5
configure:8016: $? = 0
configure:8016: result: yes
configure:8016: checking for inttypes.h
configure:8016: g++ -c -g -O2  conftest.cpp >&5
configure:8016: $? = 0
configure:8016: result: yes
configure:8016: checking for stdint.h
configure:8016: g++ -c -g -O2  conftest.cpp >&5
configure:8016: $? = 0
configure:8016: result: yes
configure:8016: checking for unistd.h
configure:8016: g++ -c -g -O2  conftest.cpp >&5
configure:8016: $? = 0
configure:8016: result: yes
configure:8030: checking for dlfcn.h
configure:8030: g++ -c -g -O2  conftest.cpp >&5
configure:8030: $? = 0
configure:8030: result: yes
configure:8246: checking for objdir
configure:8261: result: .libs
configure:8528: checking if gcc supports -fno-rtti -fno-exceptions
configure:8546: gcc -c -g -O2  -fno-rtti -fno-exceptions conftest.c >&5
cc1: warning: command line option '-fno-rtti' is valid for C++/D/ObjC++ but not for C
configure:8550: $? = 0
configure:8563: result: no
configure:8890: checking for gcc option to produce PIC
configure:8897: result: -fPIC -DPIC
configure:8905: checking if gcc PIC flag -fPIC -DPIC works
configure:8923: gcc -c -g -O2  -fPIC -DPIC -DPIC conftest.c >&5
configure:8927: $? = 0
configure:8940: result: yes
configure:8969: checking if gcc static flag -static works
configure:8997: result: yes
configure:9012: checking if gcc supports -c -o file.o
configure:9033: gcc -c -g -O2  -o out/conftest2.o conftest.c >&5
configure:9037: $? = 0
configure:9059: result: yes
configure:9067: checking if gcc supports -c -o file.o
configure:9114: result: yes
configure:9147: checking whether the gcc linker (/usr/bin/ld -m elf_x86_64) supports shared libraries
configure:10304: result: yes
configure:10341: checking whether -lc should be explicitly linked in
configure:10349: gcc -c -g -O2  conftest.c >&5
configure:10352: $? = 0
configure:10367: gcc -shared  -fPIC -DPIC conftest.o  -v -Wl,-soname -Wl,conftest -o conftest 2\>\&1 \| /usr/bin/grep  -lc  \>/dev/null 2\>\&1
configure:10370: $? = 0
configure:10384: result: no
configure:10544: checking dynamic linker characteristics
configure:11055: gcc -o conftest -g -O2   -Wl,-rpath -Wl,/foo conftest.c  >&5
configure:11055: $? = 0
configure:11289: result: GNU/Linux ld.so
configure:11396: checking how to hardcode library paths into programs
configure:11421: result: immediate
configure:11961: checking whether stripping libraries is possible
configure:11966: result: yes
configure:12001: checking if libtool supports shared libraries
configure:12003: result: yes
configure:12006: checking whether to build shared libraries
configure:12027: result: yes
configure:12030: checking whether to build static libraries
configure:12034: result: yes
configure:9051: checking how to run the C++ preprocessor
configure:9078: g++ -E  conftest.cpp
configure:9078: $? = 0
configure:9092: g++ -E  conftest.cpp
conftest.cpp:22:10: fatal error: ac_nonexistent.h: No such file or directory
   22 | #include <ac_nonexistent.h>
      |          ^~~~~~~~~~~~~~~~~~
compilation terminated.
configure:9092: $? = 1
configure: failed program was:
| /* confdefs.h */
| #define PACKAGE_NAME ""
| #define PACKAGE_TARNAME ""
| #define PACKAGE_VERSION ""
| #define PACKAGE_STRING ""
| #define PACKAGE_BUGREPORT ""
| #define PACKAGE_URL ""
| #define PACKAGE "CRF++"
| #define VERSION "0.58"
| #define HAVE_SYS_TYPES_H 1
| #define HAVE_SYS_STAT_H 1
| #define HAVE_STDLIB_H 1
| #define HAVE_STRING_H 1
| #define HAVE_MEMORY_H 1
| #define HAVE_STRINGS_H 1
| #define HAVE_INTTYPES_H 1
| #define HAVE_STDINT_H 1
| #define HAVE_UNISTD_H 1
| #define HAVE_DLFCN_H 1
| #define LT_OBJDIR ".libs/"
| /* end confdefs.h.  */
| #include <ac_nonexistent.h>
configure:9117: result: g++ -E
configure:9137: g++ -E  conftest.cpp
configure:9137: $? = 0
configure:9151: g++ -E  conftest.cpp
conftest.cpp:22:10: fatal error: ac_nonexistent.h: No such file or directory
   22 | #include <ac_nonexistent.h>
      |          ^~~~~~~~~~~~~~~~~~
compilation terminated.
configure:9151: $? = 1
configure: failed program was:
| /* confdefs.h */
| #define PACKAGE_NAME ""
| #define PACKAGE_TARNAME ""
| #define PACKAGE_VERSION ""
| #define PACKAGE_STRING ""
| #define PACKAGE_BUGREPORT ""
| #define PACKAGE_URL ""
| #define PACKAGE "CRF++"
| #define VERSION "0.58"
| #define HAVE_SYS_TYPES_H 1
| #define HAVE_SYS_STAT_H 1
| #define HAVE_STDLIB_H 1
| #define HAVE_STRING_H 1
| #define HAVE_MEMORY_H 1
| #define HAVE_STRINGS_H 1
| #define HAVE_INTTYPES_H 1
| #define HAVE_STDINT_H 1
| #define HAVE_UNISTD_H 1
| #define HAVE_DLFCN_H 1
| #define LT_OBJDIR ".libs/"
| /* end confdefs.h.  */
| #include <ac_nonexistent.h>
configure:9320: checking for ld used by g++
configure:9387: result: /usr/bin/ld -m elf_x86_64
configure:9394: checking if the linker (/usr/bin/ld -m elf_x86_64) is GNU ld
configure:9409: result: yes
configure:9464: checking whether the g++ linker (/usr/bin/ld -m elf_x86_64) supports shared libraries
configure:10469: result: yes
configure:10505: g++ -c -g -O2  conftest.cpp >&5
configure:10508: $? = 0
configure:11028: checking for g++ option to produce PIC
configure:11035: result: -fPIC -DPIC
configure:11043: checking if g++ PIC flag -fPIC -DPIC works
configure:11061: g++ -c -g -O2  -fPIC -DPIC -DPIC conftest.cpp >&5
configure:11065: $? = 0
configure:11078: result: yes
configure:11101: checking if g++ static flag -static works
configure:11129: result: yes
configure:11141: checking if g++ supports -c -o file.o
configure:11162: g++ -c -g -O2  -o out/conftest2.o conftest.cpp >&5
configure:11166: $? = 0
configure:11188: result: yes
configure:11193: checking if g++ supports -c -o file.o
configure:11240: result: yes
configure:11270: checking whether the g++ linker (/usr/bin/ld -m elf_x86_64) supports shared libraries
configure:11309: result: yes
configure:11450: checking dynamic linker characteristics
configure:12129: result: GNU/Linux ld.so
configure:12182: checking how to hardcode library paths into programs
configure:12207: result: immediate
configure:11197: checking for ANSI C header files
configure:11301: result: no
configure:11314: checking for string.h
configure:11314: result: yes
configure:11314: checking for stdlib.h
configure:11314: result: yes
configure:11314: checking for unistd.h
configure:11314: result: yes
configure:11314: checking fcntl.h usability
configure:11314: g++ -c -g -O2  conftest.cpp >&5
configure:11314: $? = 0
configure:11314: result: yes
configure:11314: checking fcntl.h presence
configure:11314: g++ -E  conftest.cpp
configure:11314: $? = 0
configure:11314: result: yes
configure:11314: checking for fcntl.h
configure:11314: result: yes
configure:11314: checking for sys/stat.h
configure:11314: result: yes
configure:11314: checking sys/mman.h usability
configure:11314: g++ -c -g -O2  conftest.cpp >&5
configure:11314: $? = 0
configure:11314: result: yes
configure:11314: checking sys/mman.h presence
configure:11314: g++ -E  conftest.cpp
configure:11314: $? = 0
configure:11314: result: yes
configure:11314: checking for sys/mman.h
configure:11314: result: yes
configure:11314: checking sys/times.h usability
configure:11314: g++ -c -g -O2  conftest.cpp >&5
configure:11314: $? = 0
configure:11314: result: yes
configure:11314: checking sys/times.h presence
configure:11314: g++ -E  conftest.cpp
configure:11314: $? = 0
configure:11314: result: yes
configure:11314: checking for sys/times.h
configure:11314: result: yes
configure:11314: checking ctype.h usability
configure:11314: g++ -c -g -O2  conftest.cpp >&5
configure:11314: $? = 0
configure:11314: result: yes
configure:11314: checking ctype.h presence
configure:11314: g++ -E  conftest.cpp
configure:11314: $? = 0
configure:11314: result: yes
configure:11314: checking for ctype.h
configure:11314: result: yes
configure:11314: checking for sys/types.h
configure:11314: result: yes
configure:11314: checking math.h usability
configure:11314: g++ -c -g -O2  conftest.cpp >&5
configure:11314: $? = 0
configure:11314: result: yes
configure:11314: checking math.h presence
configure:11314: g++ -E  conftest.cpp
configure:11314: $? = 0
configure:11314: result: yes
configure:11314: checking for math.h
configure:11314: result: yes
configure:11314: checking pthread.h usability
configure:11314: g++ -c -g -O2  conftest.cpp >&5
configure:11314: $? = 0
configure:11314: result: yes
configure:11314: checking pthread.h presence
configure:11314: g++ -E  conftest.cpp
configure:11314: $? = 0
configure:11314: result: yes
configure:11314: checking for pthread.h
configure:11314: result: yes
configure:11325: checking for size_t
configure:11325: g++ -c -g -O2  conftest.cpp >&5
configure:11325: $? = 0
configure:11325: g++ -c -g -O2  conftest.cpp >&5
conftest.cpp: In function 'int main()':
conftest.cpp:69:20: error: expected primary-expression before ')' token
   69 | if (sizeof ((size_t)))
      |                    ^
configure:11325: $? = 1
configure: failed program was:
| /* confdefs.h */
| #define PACKAGE_NAME ""
| #define PACKAGE_TARNAME ""
| #define PACKAGE_VERSION ""
| #define PACKAGE_STRING ""
| #define PACKAGE_BUGREPORT ""
| #define PACKAGE_URL ""
| #define PACKAGE "CRF++"
| #define VERSION "0.58"
| #define HAVE_SYS_TYPES_H 1
| #define HAVE_SYS_STAT_H 1
| #define HAVE_STDLIB_H 1
| #define HAVE_STRING_H 1
| #define HAVE_MEMORY_H 1
| #define HAVE_STRINGS_H 1
| #define HAVE_INTTYPES_H 1
| #define HAVE_STDINT_H 1
| #define HAVE_UNISTD_H 1
| #define HAVE_DLFCN_H 1
| #define LT_OBJDIR ".libs/"
| #define HAVE_STRING_H 1
| #define HAVE_STDLIB_H 1
| #define HAVE_UNISTD_H 1
| #define HAVE_FCNTL_H 1
| #define HAVE_SYS_STAT_H 1
| #define HAVE_SYS_MMAN_H 1
| #define HAVE_SYS_TIMES_H 1
| #define HAVE_CTYPE_H 1
| #define HAVE_SYS_TYPES_H 1
| #define HAVE_MATH_H 1
| #define HAVE_PTHREAD_H 1
| /* end confdefs.h.  */
| #include <stdio.h>
| #ifdef HAVE_SYS_TYPES_H
| # include <sys/types.h>
| #endif
| #ifdef HAVE_SYS_STAT_H
| # include <sys/stat.h>
| #endif
| #ifdef STDC_HEADERS
| # include <stdlib.h>
| # include <stddef.h>
| #else
| # ifdef HAVE_STDLIB_H
| #  include <stdlib.h>
| # endif
| #endif
| #ifdef HAVE_STRING_H
| # if !defined STDC_HEADERS && defined HAVE_MEMORY_H
| #  include <memory.h>
| # endif
| # include <string.h>
| #endif
| #ifdef HAVE_STRINGS_H
| # include <strings.h>
| #endif
| #ifdef HAVE_INTTYPES_H
| # include <inttypes.h>
| #endif
| #ifdef HAVE_STDINT_H
| # include <stdint.h>
| #endif
| #ifdef HAVE_UNISTD_H
| # include <unistd.h>
| #endif
| int
| main ()
| {
| if (sizeof ((size_t)))
| 	    return 0;
|   ;
|   return 0;
| }
configure:11325: result: yes
configure:11337: checking for pow in -lm
configure:11362: g++ -o conftest -g -O2   conftest.cpp -lm   >&5
conftest.cpp:40:6: warning: declaration of 'char pow()' conflicts with built-in declaration 'double pow(double, double)' [-Wbuiltin-declaration-mismatch]
   40 | char pow ();
      |      ^~~
configure:11362: $? = 0
configure:11371: result: yes
configure:11382: checking for exp in -lm
configure:11407: g++ -o conftest -g -O2   conftest.cpp -lm  -lm  >&5
conftest.cpp:41:6: warning: declaration of 'char exp()' conflicts with built-in declaration 'double exp(double)' [-Wbuiltin-declaration-mismatch]
   41 | char exp ();
      |      ^~~
configure:11407: $? = 0
configure:11416: result: yes
configure:11427: checking for log in -lm
configure:11452: g++ -o conftest -g -O2   conftest.cpp -lm  -lm -lm  >&5
conftest.cpp:42:6: warning: declaration of 'char log()' conflicts with built-in declaration 'double log(double)' [-Wbuiltin-declaration-mismatch]
   42 | char log ();
      |      ^~~
configure:11452: $? = 0
configure:11461: result: yes
configure:11472: checking for pthread_create in -lpthread
configure:11497: g++ -o conftest -g -O2   conftest.cpp -lpthread  -lm -lm -lm  >&5
configure:11497: $? = 0
configure:11506: result: yes
configure:11517: checking for pthread_join in -lpthread
configure:11542: g++ -o conftest -g -O2   conftest.cpp -lpthread  -lpthread -lm -lm -lm  >&5
configure:11542: $? = 0
configure:11551: result: yes
configure:11568: checking for stdlib.h
configure:11568: result: yes
configure:11568: checking for unistd.h
configure:11568: result: yes
configure:11568: checking for sys/param.h
configure:11568: g++ -c -g -O2  conftest.cpp >&5
configure:11568: $? = 0
configure:11568: result: yes
configure:11588: checking for getpagesize
configure:11588: g++ -o conftest -g -O2   conftest.cpp -lpthread -lpthread -lm -lm -lm  >&5
configure:11588: $? = 0
configure:11588: result: yes
configure:11597: checking for working mmap
configure:11744: g++ -o conftest -g -O2   conftest.cpp -lpthread -lpthread -lm -lm -lm  >&5
configure:11744: $? = 0
configure:11744: ./conftest
configure:11744: $? = 0
configure:11754: result: yes
configure:11764: checking whether make is GNU Make
configure:11767: result: yes
configure:12033: checking if g++ supports stl <string> (required)
configure:12050: g++ -c -O3 -Wall  conftest.cpp >&5
configure:12050: $? = 0
configure:12062: result: yes
configure:12066: checking if g++ supports stl <vector> (required)
configure:12083: g++ -c -O3 -Wall  conftest.cpp >&5
configure:12083: $? = 0
configure:12095: result: yes
configure:12099: checking if g++ supports stl <map> (required)
configure:12116: g++ -c -O3 -Wall  conftest.cpp >&5
configure:12116: $? = 0
configure:12128: result: yes
configure:12132: checking if g++ supports stl <set> (required)
configure:12149: g++ -c -O3 -Wall  conftest.cpp >&5
configure:12149: $? = 0
configure:12161: result: yes
configure:12165: checking if g++ supports stl <iostream> (required)
configure:12182: g++ -c -O3 -Wall  conftest.cpp >&5
configure:12182: $? = 0
configure:12194: result: yes
configure:12198: checking if g++ supports stl <fstream> (required)
configure:12215: g++ -c -O3 -Wall  conftest.cpp >&5
configure:12215: $? = 0
configure:12227: result: yes
configure:12231: checking if g++ supports stl <sstream> (required)
configure:12248: g++ -c -O3 -Wall  conftest.cpp >&5
configure:12248: $? = 0
configure:12260: result: yes
configure:12264: checking if g++ supports stl <stdexcept> (required)
configure:12281: g++ -c -O3 -Wall  conftest.cpp >&5
configure:12281: $? = 0
configure:12293: result: yes
configure:12298: checking if g++ supports template <class T> (required)
configure:12317: g++ -c -O3 -Wall  conftest.cpp >&5
configure:12317: $? = 0
configure:12329: result: yes
configure:12333: checking if g++ supports const_cast<> (required)
configure:12351: g++ -c -O3 -Wall  conftest.cpp >&5
conftest.cpp: In function 'int main()':
conftest.cpp:51:9: warning: unused variable 'c1' [-Wunused-variable]
   51 |    foo *c1=const_cast<foo*>(c);
      |         ^~
configure:12351: $? = 0
configure:12363: result: yes
configure:12367: checking if g++ supports static_cast<> (required)
configure:12385: g++ -c -O3 -Wall  conftest.cpp >&5
conftest.cpp: In function 'int main()':
conftest.cpp:51:10: warning: unused variable 'c1' [-Wunused-variable]
   51 |    void *c1 = static_cast<void *>(c);
      |          ^~
configure:12385: $? = 0
configure:12397: result: yes
configure:12401: checking if g++ supports dynamic_cast<> (required)
configure:12420: g++ -c -O3 -Wall  conftest.cpp >&5
conftest.cpp: In function 'int main()':
conftest.cpp:52:9: warning: unused variable 'c1' [-Wunused-variable]
   52 |    foo *c1 = dynamic_cast<foo *>(c);
      |         ^~
configure:12420: $? = 0
configure:12432: result: yes
configure:12436: checking if g++ supports exception handler (required)
configure:12459: g++ -c -O3 -Wall  conftest.cpp >&5
conftest.cpp: In function 'int main()':
conftest.cpp:51:11: warning: unused variable 'i' [-Wunused-variable]
   51 |       int i = 0;
      |           ^
configure:12459: $? = 0
configure:12471: result: yes
configure:12475: checking if g++ supports namespaces (required) 
configure:12493: g++ -c -O3 -Wall  conftest.cpp >&5
conftest.cpp: In function 'int main()':
conftest.cpp:51:3: warning: unused variable 'a' [-Wunused-variable]
   51 | A a;
      |   ^
configure:12493: $? = 0
configure:12504: result: yes
configure:12508: checking if g++ supports __thread (optional)
configure:12525: g++ -c -O3 -Wall  conftest.cpp >&5
configure:12525: $? = 0
configure:12535: result: yes
configure:12548: checking if g++ supports _SC_NPROCESSORS_CONF (optional)
configure:12566: g++ -c -O3 -Wall  conftest.cpp >&5
configure:12566: $? = 0
configure:12576: result: yes
configure:12587: checking if g++ environment provides all required features
configure:12595: result: yes
configure:12729: creating ./config.status

## ---------------------- ##
## Running config.status. ##
## ---------------------- ##

This file was extended by config.status, which was
generated by GNU Autoconf 2.68.  Invocation command line was

  CONFIG_FILES    = 
  CONFIG_HEADERS  = 
  CONFIG_LINKS    = 
  CONFIG_COMMANDS = 
  $ ./config.status 

on DESKTOP-SJD56LO

config.status:1171: creating Makefile
config.status:1171: creating Makefile.msvc
config.status:1171: creating swig/version.h
config.status:1171: creating config.h
config.status:1352: config.h is unchanged
config.status:1400: executing depfiles commands
config.status:1400: executing libtool commands

## ---------------- ##
## Cache variables. ##
## ---------------- ##

ac_cv_build=x86_64-unknown-linux-gnu
ac_cv_c_compiler_gnu=yes
ac_cv_cxx_compiler_gnu=yes
ac_cv_env_CCC_set=
ac_cv_env_CCC_value=
ac_cv_env_CC_set=
ac_cv_env_CC_value=
ac_cv_env_CFLAGS_set=
ac_cv_env_CFLAGS_value=
ac_cv_env_CPPFLAGS_set=
ac_cv_env_CPPFLAGS_value=
ac_cv_env_CPP_set=
ac_cv_env_CPP_value=
ac_cv_env_CXXCPP_set=
ac_cv_env_CXXCPP_value=
ac_cv_env_CXXFLAGS_set=
ac_cv_env_CXXFLAGS_value=
ac_cv_env_CXX_set=
ac_cv_env_CXX_value=
ac_cv_env_LDFLAGS_set=
ac_cv_env_LDFLAGS_value=
ac_cv_env_LIBS_set=
ac_cv_env_LIBS_value=
ac_cv_env_build_alias_set=
ac_cv_env_build_alias_value=
ac_cv_env_host_alias_set=
ac_cv_env_host_alias_value=
ac_cv_env_target_alias_set=
ac_cv_env_target_alias_value=
ac_cv_func_getpagesize=yes
ac_cv_func_mmap_fixed_mapped=yes
ac_cv_header_ctype_h=yes
ac_cv_header_dlfcn_h=yes
ac_cv_header_fcntl_h=yes
ac_cv_header_inttypes_h=yes
ac_cv_header_math_h=yes
ac_cv_header_memory_h=yes
ac_cv_header_pthread_h=yes
ac_cv_header_stdc=no
ac_cv_header_stdint_h=yes
ac_cv_header_stdlib_h=yes
ac_cv_header_string_h=yes
ac_cv_header_strings_h=yes
ac_cv_header_sys_mman_h=yes
ac_cv_header_sys_param_h=yes
ac_cv_header_sys_stat_h=yes
ac_cv_header_sys_times_h=yes
ac_cv_header_sys_types_h=yes
ac_cv_header_unistd_h=yes
ac_cv_host=x86_64-unknown-linux-gnu
ac_cv_lib_m_exp=yes
ac_cv_lib_m_log=yes
ac_cv_lib_m_pow=yes
ac_cv_lib_pthread_pthread_create=yes
ac_cv_lib_pthread_pthread_join=yes
ac_cv_objext=o
ac_cv_path_EGREP='/usr/bin/grep -E'
ac_cv_path_FGREP='/usr/bin/grep -F'
ac_cv_path_GREP=/usr/bin/grep
ac_cv_path_SED=/usr/bin/sed
ac_cv_path_install='/usr/bin/install -c'
ac_cv_path_mkdir=/usr/bin/mkdir
ac_cv_prog_AWK=gawk
ac_cv_prog_CPP='gcc -E'
ac_cv_prog_CXXCPP='g++ -E'
ac_cv_prog_ac_ct_AR=ar
ac_cv_prog_ac_ct_CC=gcc
ac_cv_prog_ac_ct_CXX=g++
ac_cv_prog_ac_ct_MANIFEST_TOOL=mt
ac_cv_prog_ac_ct_OBJDUMP=objdump
ac_cv_prog_ac_ct_RANLIB=ranlib
ac_cv_prog_ac_ct_STRIP=strip
ac_cv_prog_cc_c89=
ac_cv_prog_cc_g=yes
ac_cv_prog_cxx_g=yes
ac_cv_prog_gcc_traditional=no
ac_cv_prog_make_make_set=yes
ac_cv_search_strerror='none required'
ac_cv_type_size_t=yes
am_cv_CC_dependencies_compiler_type=gcc3
am_cv_CXX_dependencies_compiler_type=gcc3
lt_cv_ar_at_file=@
lt_cv_archive_cmds_need_lc=no
lt_cv_deplibs_check_method=pass_all
lt_cv_file_magic_cmd='$MAGIC_CMD'
lt_cv_file_magic_test_file=
lt_cv_ld_reload_flag=-r
lt_cv_nm_interface='BSD nm'
lt_cv_objdir=.libs
lt_cv_path_LD=/usr/bin/ld
lt_cv_path_LDCXX='/usr/bin/ld -m elf_x86_64'
lt_cv_path_NM='/usr/bin/nm -B'
lt_cv_path_mainfest_tool=no
lt_cv_prog_compiler_c_o=yes
lt_cv_prog_compiler_c_o_CXX=yes
lt_cv_prog_compiler_pic='-fPIC -DPIC'
lt_cv_prog_compiler_pic_CXX='-fPIC -DPIC'
lt_cv_prog_compiler_pic_works=yes
lt_cv_prog_compiler_pic_works_CXX=yes
lt_cv_prog_compiler_rtti_exceptions=no
lt_cv_prog_compiler_static_works=yes
lt_cv_prog_compiler_static_works_CXX=yes
lt_cv_prog_gnu_ld=yes
lt_cv_prog_gnu_ldcxx=yes
lt_cv_sharedlib_from_linklib_cmd='printf %s\n'
lt_cv_shlibpath_overrides_runpath=yes
lt_cv_sys_global_symbol_pipe='sed -n -e '\''s/^.*[	 ]\([ABCDGIRSTW][ABCDGIRSTW]*\)[	 ][	 ]*\([_A-Za-z][_A-Za-z0-9]*\)$/\1 \2 \2/p'\'' | sed '\''/ __gnu_lto/d'\'''
lt_cv_sys_global_symbol_to_c_name_address='sed -n -e '\''s/^: \([^ ]*\)[ ]*$/  {\"\1\", (void *) 0},/p'\'' -e '\''s/^[ABCDGIRSTW]* \([^ ]*\) \([^ ]*\)$/  {"\2", (void *) \&\2},/p'\'''
lt_cv_sys_global_symbol_to_c_name_address_lib_prefix='sed -n -e '\''s/^: \([^ ]*\)[ ]*$/  {\"\1\", (void *) 0},/p'\'' -e '\''s/^[ABCDGIRSTW]* \([^ ]*\) \(lib[^ ]*\)$/  {"\2", (void *) \&\2},/p'\'' -e '\''s/^[ABCDGIRSTW]* \([^ ]*\) \([^ ]*\)$/  {"lib\2", (void *) \&\2},/p'\'''
lt_cv_sys_global_symbol_to_cdecl='sed -n -e '\''s/^T .* \(.*\)$/extern int \1();/p'\'' -e '\''s/^[ABCDGIRSTW]* .* \(.*\)$/extern char \1;/p'\'''
lt_cv_sys_max_cmd_len=1572864
lt_cv_to_host_file_cmd=func_convert_file_noop
lt_cv_to_tool_file_cmd=func_convert_file_noop

## ----------------- ##
## Output variables. ##
## ----------------- ##

ACLOCAL='${SHELL} /root/speech/TTS_Course/02_front_end/2-1_word_seg/tools/CRF++-0.58/missing --run aclocal-1.11'
AMDEPBACKSLASH='\'
AMDEP_FALSE='#'
AMDEP_TRUE=''
AMTAR='$${TAR-tar}'
AR='ar'
AUTOCONF='${SHELL} /root/speech/TTS_Course/02_front_end/2-1_word_seg/tools/CRF++-0.58/missing --run autoconf'
AUTOHEADER='${SHELL} /root/speech/TTS_Course/02_front_end/2-1_word_seg/tools/CRF++-0.58/missing --run autoheader'
AUTOMAKE='${SHELL} /root/speech/TTS_Course/02_front_end/2-1_word_seg/tools/CRF++-0.58/missing --run automake-1.11'
AWK='gawk'
CC='gcc'
CCDEPMODE='depmode=gcc3'
CFLAGS='-O3 -Wall'
CPP='gcc -E'
CPPFLAGS=''
CXX='g++'
CXXCPP='g++ -E'
CXXDEPMODE='depmode=gcc3'
CXXFLAGS='-O3 -Wall'
CYGPATH_W='echo'
DEFS='-DHAVE_CONFIG_H'
DEPDIR='.deps'
DLLTOOL='false'
DSYMUTIL=''
DUMPBIN=''
ECHO_C=''
ECHO_N='-n'
ECHO_T=''
EGREP='/usr/bin/grep -E'
EXEEXT=''
FGREP='/usr/bin/grep -F'
GREP='/usr/bin/grep'
INSTALL_DATA='${INSTALL} -m 644'
INSTALL_PROGRAM='${INSTALL}'
INSTALL_SCRIPT='${INSTALL}'
INSTALL_STRIP_PROGRAM='$(install_sh) -c -s'
LD='/usr/bin/ld -m elf_x86_64'
LDFLAGS=''
LIBOBJS=''
LIBS='-lpthread -lpthread -lm -lm -lm '
LIBTOOL='$(SHELL) $(top_builddir)/libtool'
LIPO=''
LN_S='ln -s'
LTLIBOBJS=''
MAKEINFO='${SHELL} /root/speech/TTS_Course/02_front_end/2-1_word_seg/tools/CRF++-0.58/missing --run makeinfo'
MANIFEST_TOOL=':'
MKDIR_P='/usr/bin/mkdir -p'
NM='/usr/bin/nm -B'
NMEDIT=''
OBJDUMP='objdump'
OBJEXT='o'
OTOOL64=''
OTOOL=''
PACKAGE='CRF++'
PACKAGE_BUGREPORT=''
PACKAGE_NAME=''
PACKAGE_STRING=''
PACKAGE_TARNAME=''
PACKAGE_URL=''
PACKAGE_VERSION=''
PATH_SEPARATOR=':'
RANLIB='ranlib'
SED='/usr/bin/sed'
SET_MAKE=''
SHELL='/bin/bash'
STRIP='strip'
VERSION='0.58'
ac_ct_AR='ar'
ac_ct_CC='gcc'
ac_ct_CXX='g++'
ac_ct_DUMPBIN=''
am__EXEEXT_FALSE=''
am__EXEEXT_TRUE='#'
am__fastdepCC_FALSE='#'
am__fastdepCC_TRUE=''
am__fastdepCXX_FALSE='#'
am__fastdepCXX_TRUE=''
am__include='include'
am__isrc=''
am__leading_dot='.'
am__nodep='_no'
am__quote=''
am__tar='$${TAR-tar} chof - "$$tardir"'
am__untar='$${TAR-tar} xf -'
bindir='${exec_prefix}/bin'
build='x86_64-unknown-linux-gnu'
build_alias=''
build_cpu='x86_64'
build_os='linux-gnu'
build_vendor='unknown'
datadir='${datarootdir}'
datarootdir='${prefix}/share'
docdir='${datarootdir}/doc/${PACKAGE}'
dvidir='${docdir}'
exec_prefix='${prefix}'
host='x86_64-unknown-linux-gnu'
host_alias=''
host_cpu='x86_64'
host_os='linux-gnu'
host_vendor='unknown'
htmldir='${docdir}'
includedir='${prefix}/include'
infodir='${datarootdir}/info'
install_sh='${SHELL} /root/speech/TTS_Course/02_front_end/2-1_word_seg/tools/CRF++-0.58/install-sh'
libdir='${exec_prefix}/lib'
libexecdir='${exec_prefix}/libexec'
localedir='${datarootdir}/locale'
localstatedir='${prefix}/var'
mandir='${datarootdir}/man'
mkdir_p='/usr/bin/mkdir -p'
oldincludedir='/usr/include'
pdfdir='${docdir}'
prefix='/root/speech/TTS_Course/02_front_end/2-1_word_seg/tools/CRF++-0.58/build'
program_transform_name='s,x,x,'
psdir='${docdir}'
sbindir='${exec_prefix}/sbin'
sharedstatedir='${prefix}/com'
sysconfdir='${prefix}/etc'
target_alias=''

## ----------- ##
## confdefs.h. ##
## ----------- ##

/* confdefs.h */
#define PACKAGE_NAME ""
#define PACKAGE_TARNAME ""
#define PACKAGE_VERSION ""
#define PACKAGE_STRING ""
#define PACKAGE_BUGREPORT ""
#define PACKAGE_URL ""
#define PACKAGE "CRF++"
#define VERSION "0.58"
#define HAVE_SYS_TYPES_H 1
#define HAVE_SYS_STAT_H 1
#define HAVE_STDLIB_H 1
#define HAVE_STRING_H 1
#define HAVE_MEMORY_H 1
#define HAVE_STRINGS_H 1
#define HAVE_INTTYPES_H 1
#define HAVE_STDINT_H 1
#define HAVE_UNISTD_H 1
#define HAVE_DLFCN_H 1
#define LT_OBJDIR ".libs/"
#define HAVE_STRING_H 1
#define HAVE_STDLIB_H 1
#define HAVE_UNISTD_H 1
#define HAVE_FCNTL_H 1
#define HAVE_SYS_STAT_H 1
#define HAVE_SYS_MMAN_H 1
#define HAVE_SYS_TIMES_H 1
#define HAVE_CTYPE_H 1
#define HAVE_SYS_TYPES_H 1
#define HAVE_MATH_H 1
#define HAVE_PTHREAD_H 1
#define HAVE_LIBM 1
#define HAVE_LIBM 1
#define HAVE_LIBM 1
#define HAVE_LIBPTHREAD 1
#define HAVE_LIBPTHREAD 1
#define HAVE_STDLIB_H 1
#define HAVE_UNISTD_H 1
#define HAVE_SYS_PARAM_H 1
#define HAVE_GETPAGESIZE 1
#define HAVE_MMAP 1
#define HAVE_TLS_KEYWORD 1
#define HAVE_SYS_CONF_SC_NPROCESSORS_CONF 1

configure: exit 0
