This file contains any messages produced by compilers while
running configure, to aid debugging if configure makes a mistake.

It was created by SPTK configure 3.11, which was
generated by GNU Autoconf 2.69.  Invocation command line was

  $ ./configure --prefix=/root/speech/TTS_Course/03_spss/tools/SPTK-3.11/build

## --------- ##
## Platform. ##
## --------- ##

hostname = DESKTOP-SJD56LO
uname -m = x86_64
uname -r = 4.19.128-microsoft-standard
uname -s = Linux
uname -v = #1 SMP Tue Jun 23 12:58:10 UTC 2020

/usr/bin/uname -p = x86_64
/bin/uname -X     = unknown

/bin/arch              = x86_64
/usr/bin/arch -k       = unknown
/usr/convex/getsysinfo = unknown
/usr/bin/hostinfo      = unknown
/bin/machine           = unknown
/usr/bin/oslevel       = unknown
/bin/universe          = unknown

PATH: /root/srilm/bin/i686-m64
PATH: /usr/local/sbin
PATH: /usr/local/bin
PATH: /usr/sbin
PATH: /usr/bin
PATH: /sbin
PATH: /bin
PATH: /usr/games
PATH: /usr/local/games
PATH: /usr/lib/wsl/lib
PATH: /snap/bin
PATH: /opt/node/bin


## ----------- ##
## Core tests. ##
## ----------- ##

configure:2352: checking for a BSD-compatible install
configure:2420: result: /usr/bin/install -c
configure:2431: checking whether build environment is sane
configure:2486: result: yes
configure:2635: checking for a thread-safe mkdir -p
configure:2674: result: /usr/bin/mkdir -p
configure:2681: checking for gawk
configure:2697: found /usr/bin/gawk
configure:2708: result: gawk
configure:2719: checking whether make sets $(MAKE)
configure:2741: result: yes
configure:2770: checking whether make supports nested variables
configure:2787: result: yes
configure:2965: checking for gcc
configure:2981: found /usr/bin/gcc
configure:2992: result: gcc
configure:3221: checking for C compiler version
configure:3230: gcc --version >&5
gcc (Ubuntu 9.3.0-17ubuntu1~20.04) 9.3.0
Copyright (C) 2019 Free Software Foundation, Inc.
This is free software; see the source for copying conditions.  There is NO
warranty; not even for MERCHANTABILITY or FITNESS FOR A PARTICULAR PURPOSE.

configure:3241: $? = 0
configure:3230: gcc -v >&5
Using built-in specs.
COLLECT_GCC=gcc
COLLECT_LTO_WRAPPER=/usr/lib/gcc/x86_64-linux-gnu/9/lto-wrapper
OFFLOAD_TARGET_NAMES=nvptx-none:hsa
OFFLOAD_TARGET_DEFAULT=1
Target: x86_64-linux-gnu
Configured with: ../src/configure -v --with-pkgversion='Ubuntu 9.3.0-17ubuntu1~20.04' --with-bugurl=file:///usr/share/doc/gcc-9/README.Bugs --enable-languages=c,ada,c++,go,brig,d,fortran,objc,obj-c++,gm2 --prefix=/usr --with-gcc-major-version-only --program-suffix=-9 --program-prefix=x86_64-linux-gnu- --enable-shared --enable-linker-build-id --libexecdir=/usr/lib --without-included-gettext --enable-threads=posix --libdir=/usr/lib --enable-nls --enable-clocale=gnu --enable-libstdcxx-debug --enable-libstdcxx-time=yes --with-default-libstdcxx-abi=new --enable-gnu-unique-object --disable-vtable-verify --enable-plugin --enable-default-pie --with-system-zlib --with-target-system-zlib=auto --enable-objc-gc=auto --enable-multiarch --disable-werror --with-arch-32=i686 --with-abi=m64 --with-multilib-list=m32,m64,mx32 --enable-multilib --with-tune=generic --enable-offload-targets=nvptx-none=/build/gcc-9-HskZEa/gcc-9-9.3.0/debian/tmp-nvptx/usr,hsa --without-cuda-driver --enable-checking=release --build=x86_64-linux-gnu --host=x86_64-linux-gnu --target=x86_64-linux-gnu
Thread model: posix
gcc version 9.3.0 (Ubuntu 9.3.0-17ubuntu1~20.04) 
configure:3241: $? = 0
configure:3230: gcc -V >&5
gcc: error: unrecognized command line option '-V'
gcc: fatal error: no input files
compilation terminated.
configure:3241: $? = 1
configure:3230: gcc -qversion >&5
gcc: error: unrecognized command line option '-qversion'; did you mean '--version'?
gcc: fatal error: no input files
compilation terminated.
configure:3241: $? = 1
configure:3261: checking whether the C compiler works
configure:3283: gcc    conftest.c  >&5
configure:3287: $? = 0
configure:3335: result: yes
configure:3338: checking for C compiler default output file name
configure:3340: result: a.out
configure:3346: checking for suffix of executables
configure:3353: gcc -o conftest    conftest.c  >&5
configure:3357: $? = 0
configure:3379: result: 
configure:3401: checking whether we are cross compiling
configure:3409: gcc -o conftest    conftest.c  >&5
configure:3413: $? = 0
configure:3420: ./conftest
configure:3424: $? = 0
configure:3412: result: no
configure:3417: checking for suffix of object files
configure:3439: gcc -c   conftest.c >&5
configure:3443: $? = 0
configure:3464: result: o
configure:3468: checking whether we are using the GNU C compiler
configure:3487: gcc -c   conftest.c >&5
configure:3487: $? = 0
configure:3496: result: yes
configure:3505: checking whether gcc accepts -g
configure:3525: gcc -c -g  conftest.c >&5
configure:3525: $? = 0
configure:3566: result: yes
configure:3583: checking for gcc option to accept ISO C89
configure:3646: gcc  -c -g -O2  conftest.c >&5
configure:3646: $? = 0
configure:3659: result: none needed
configure:3684: checking whether gcc understands -c and -o together
configure:3706: gcc -c conftest.c -o conftest2.o
configure:3709: $? = 0
configure:3706: gcc -c conftest.c -o conftest2.o
configure:3709: $? = 0
configure:3721: result: yes
configure:3749: checking for style of include used by make
configure:3777: result: GNU
configure:3803: checking dependency style of gcc
configure:3914: result: gcc3
configure:3988: checking for g++
configure:4004: found /usr/bin/g++
configure:4015: result: g++
configure:4042: checking for C++ compiler version
configure:4051: g++ --version >&5
g++ (Ubuntu 9.3.0-17ubuntu1~20.04) 9.3.0
Copyright (C) 2019 Free Software Foundation, Inc.
This is free software; see the source for copying conditions.  There is NO
warranty; not even for MERCHANTABILITY or FITNESS FOR A PARTICULAR PURPOSE.

configure:4062: $? = 0
configure:4051: g++ -v >&5
Using built-in specs.
COLLECT_GCC=g++
COLLECT_LTO_WRAPPER=/usr/lib/gcc/x86_64-linux-gnu/9/lto-wrapper
OFFLOAD_TARGET_NAMES=nvptx-none:hsa
OFFLOAD_TARGET_DEFAULT=1
Target: x86_64-linux-gnu
Configured with: ../src/configure -v --with-pkgversion='Ubuntu 9.3.0-17ubuntu1~20.04' --with-bugurl=file:///usr/share/doc/gcc-9/README.Bugs --enable-languages=c,ada,c++,go,brig,d,fortran,objc,obj-c++,gm2 --prefix=/usr --with-gcc-major-version-only --program-suffix=-9 --program-prefix=x86_64-linux-gnu- --enable-shared --enable-linker-build-id --libexecdir=/usr/lib --without-included-gettext --enable-threads=posix --libdir=/usr/lib --enable-nls --enable-clocale=gnu --enable-libstdcxx-debug --enable-libstdcxx-time=yes --with-default-libstdcxx-abi=new --enable-gnu-unique-object --disable-vtable-verify --enable-plugin --enable-default-pie --with-system-zlib --with-target-system-zlib=auto --enable-objc-gc=auto --enable-multiarch --disable-werror --with-arch-32=i686 --with-abi=m64 --with-multilib-list=m32,m64,mx32 --enable-multilib --with-tune=generic --enable-offload-targets=nvptx-none=/build/gcc-9-HskZEa/gcc-9-9.3.0/debian/tmp-nvptx/usr,hsa --without-cuda-driver --enable-checking=release --build=x86_64-linux-gnu --host=x86_64-linux-gnu --target=x86_64-linux-gnu
Thread model: posix
gcc version 9.3.0 (Ubuntu 9.3.0-17ubuntu1~20.04) 
configure:4062: $? = 0
configure:4051: g++ -V >&5
g++: error: unrecognized command line option '-V'
g++: fatal error: no input files
compilation terminated.
configure:4062: $? = 1
configure:4051: g++ -qversion >&5
g++: error: unrecognized command line option '-qversion'; did you mean '--version'?
g++: fatal error: no input files
compilation terminated.
configure:4062: $? = 1
configure:4066: checking whether we are using the GNU C++ compiler
configure:4085: g++ -c   conftest.cpp >&5
configure:4085: $? = 0
configure:4094: result: yes
configure:4103: checking whether g++ accepts -g
configure:4123: g++ -c -g  conftest.cpp >&5
configure:4123: $? = 0
configure:4164: result: yes
configure:4189: checking dependency style of g++
configure:4300: result: gcc3
configure:4316: checking whether ln -s works
configure:4320: result: yes
configure:4370: checking for ranlib
configure:4386: found /usr/bin/ranlib
configure:4397: result: ranlib
configure:4465: checking for ar
configure:4481: found /usr/bin/ar
configure:4492: result: ar
configure:4516: checking for csh
configure:4534: found /usr/bin/csh
configure:4547: result: /usr/bin/csh
configure:4561: checking for log in -lm
configure:4586: gcc -o conftest -g -O2   conftest.c -lm   >&5
conftest.c:18:6: warning: conflicting types for built-in function 'log'; expected 'double(double)' [-Wbuiltin-declaration-mismatch]
   18 | char log ();
      |      ^~~
conftest.c:1:1: note: 'log' is declared in header '<math.h>'
    1 | /* confdefs.h */
configure:4586: $? = 0
configure:4595: result: yes
configure:4615: checking how to run the C preprocessor
configure:4646: gcc -E  conftest.c
configure:4646: $? = 0
configure:4660: gcc -E  conftest.c
conftest.c:12:10: fatal error: ac_nonexistent.h: No such file or directory
   12 | #include <ac_nonexistent.h>
      |          ^~~~~~~~~~~~~~~~~~
compilation terminated.
configure:4660: $? = 1
configure: failed program was:
| /* confdefs.h */
| #define PACKAGE_NAME "SPTK"
| #define PACKAGE_TARNAME "SPTK"
| #define PACKAGE_VERSION "3.11"
| #define PACKAGE_STRING "SPTK 3.11"
| #define PACKAGE_BUGREPORT "http://sourceforge.net/projects/sp-tk/"
| #define PACKAGE_URL ""
| #define PACKAGE "SPTK"
| #define VERSION "3.11"
| #define HAVE_LIBM 1
| /* end confdefs.h.  */
| #include <ac_nonexistent.h>
configure:4685: result: gcc -E
configure:4705: gcc -E  conftest.c
configure:4705: $? = 0
configure:4719: gcc -E  conftest.c
conftest.c:12:10: fatal error: ac_nonexistent.h: No such file or directory
   12 | #include <ac_nonexistent.h>
      |          ^~~~~~~~~~~~~~~~~~
compilation terminated.
configure:4719: $? = 1
configure: failed program was:
| /* confdefs.h */
| #define PACKAGE_NAME "SPTK"
| #define PACKAGE_TARNAME "SPTK"
| #define PACKAGE_VERSION "3.11"
| #define PACKAGE_STRING "SPTK 3.11"
| #define PACKAGE_BUGREPORT "http://sourceforge.net/projects/sp-tk/"
| #define PACKAGE_URL ""
| #define PACKAGE "SPTK"
| #define VERSION "3.11"
| #define HAVE_LIBM 1
| /* end confdefs.h.  */
| #include <ac_nonexistent.h>
configure:4748: checking for X
configure:4856: gcc -E  conftest.c
conftest.c:12:10: fatal error: X11/Xlib.h: No such file or directory
   12 | #include <X11/Xlib.h>
      |          ^~~~~~~~~~~~
compilation terminated.
configure:4856: $? = 1
configure: failed program was:
| /* confdefs.h */
| #define PACKAGE_NAME "SPTK"
| #define PACKAGE_TARNAME "SPTK"
| #define PACKAGE_VERSION "3.11"
| #define PACKAGE_STRING "SPTK 3.11"
| #define PACKAGE_BUGREPORT "http://sourceforge.net/projects/sp-tk/"
| #define PACKAGE_URL ""
| #define PACKAGE "SPTK"
| #define VERSION "3.11"
| #define HAVE_LIBM 1
| /* end confdefs.h.  */
| #include <X11/Xlib.h>
configure:4887: gcc -o conftest -g -O2   conftest.c -lX11 -lm  >&5
conftest.c:12:10: fatal error: X11/Xlib.h: No such file or directory
   12 | #include <X11/Xlib.h>
      |          ^~~~~~~~~~~~
compilation terminated.
configure:4887: $? = 1
configure: failed program was:
| /* confdefs.h */
| #define PACKAGE_NAME "SPTK"
| #define PACKAGE_TARNAME "SPTK"
| #define PACKAGE_VERSION "3.11"
| #define PACKAGE_STRING "SPTK 3.11"
| #define PACKAGE_BUGREPORT "http://sourceforge.net/projects/sp-tk/"
| #define PACKAGE_URL ""
| #define PACKAGE "SPTK"
| #define VERSION "3.11"
| #define HAVE_LIBM 1
| /* end confdefs.h.  */
| #include <X11/Xlib.h>
| int
| main ()
| {
| XrmInitialize ()
|   ;
|   return 0;
| }
configure:4926: result: no
configure:5453: checking for grep that handles long lines and -e
configure:5511: result: /usr/bin/grep
configure:5516: checking for egrep
configure:5578: result: /usr/bin/grep -E
configure:5583: checking for ANSI C header files
configure:5603: gcc -c -g -O2  conftest.c >&5
configure:5603: $? = 0
configure:5676: gcc -o conftest -g -O2   conftest.c -lm  >&5
configure:5676: $? = 0
configure:5676: ./conftest
configure:5676: $? = 0
configure:5687: result: yes
configure:5700: checking for sys/types.h
configure:5700: gcc -c -g -O2  conftest.c >&5
configure:5700: $? = 0
configure:5700: result: yes
configure:5700: checking for sys/stat.h
configure:5700: gcc -c -g -O2  conftest.c >&5
configure:5700: $? = 0
configure:5700: result: yes
configure:5700: checking for stdlib.h
configure:5700: gcc -c -g -O2  conftest.c >&5
configure:5700: $? = 0
configure:5700: result: yes
configure:5700: checking for string.h
configure:5700: gcc -c -g -O2  conftest.c >&5
configure:5700: $? = 0
configure:5700: result: yes
configure:5700: checking for memory.h
configure:5700: gcc -c -g -O2  conftest.c >&5
configure:5700: $? = 0
configure:5700: result: yes
configure:5700: checking for strings.h
configure:5700: gcc -c -g -O2  conftest.c >&5
configure:5700: $? = 0
configure:5700: result: yes
configure:5700: checking for inttypes.h
configure:5700: gcc -c -g -O2  conftest.c >&5
configure:5700: $? = 0
configure:5700: result: yes
configure:5700: checking for stdint.h
configure:5700: gcc -c -g -O2  conftest.c >&5
configure:5700: $? = 0
configure:5700: result: yes
configure:5700: checking for unistd.h
configure:5700: gcc -c -g -O2  conftest.c >&5
configure:5700: $? = 0
configure:5700: result: yes
configure:5715: checking fcntl.h usability
configure:5715: gcc -c -g -O2  conftest.c >&5
configure:5715: $? = 0
configure:5715: result: yes
configure:5715: checking fcntl.h presence
configure:5715: gcc -E  conftest.c
configure:5715: $? = 0
configure:5715: result: yes
configure:5715: checking for fcntl.h
configure:5715: result: yes
configure:5715: checking limits.h usability
configure:5715: gcc -c -g -O2  conftest.c >&5
configure:5715: $? = 0
configure:5715: result: yes
configure:5715: checking limits.h presence
configure:5715: gcc -E  conftest.c
configure:5715: $? = 0
configure:5715: result: yes
configure:5715: checking for limits.h
configure:5715: result: yes
configure:5715: checking for stdlib.h
configure:5715: result: yes
configure:5715: checking for string.h
configure:5715: result: yes
configure:5715: checking for strings.h
configure:5715: result: yes
configure:5715: checking sys/ioctl.h usability
configure:5715: gcc -c -g -O2  conftest.c >&5
configure:5715: $? = 0
configure:5715: result: yes
configure:5715: checking sys/ioctl.h presence
configure:5715: gcc -E  conftest.c
configure:5715: $? = 0
configure:5715: result: yes
configure:5715: checking for sys/ioctl.h
configure:5715: result: yes
configure:5728: checking for an ANSI C-conforming const
configure:5794: gcc -c -g -O2  conftest.c >&5
configure:5794: $? = 0
configure:5801: result: yes
configure:5809: checking for size_t
configure:5809: gcc -c -g -O2  conftest.c >&5
configure:5809: $? = 0
configure:5809: gcc -c -g -O2  conftest.c >&5
conftest.c: In function 'main':
conftest.c:65:21: error: expected expression before ')' token
   65 | if (sizeof ((size_t)))
      |                     ^
configure:5809: $? = 1
configure: failed program was:
| /* confdefs.h */
| #define PACKAGE_NAME "SPTK"
| #define PACKAGE_TARNAME "SPTK"
| #define PACKAGE_VERSION "3.11"
| #define PACKAGE_STRING "SPTK 3.11"
| #define PACKAGE_BUGREPORT "http://sourceforge.net/projects/sp-tk/"
| #define PACKAGE_URL ""
| #define PACKAGE "SPTK"
| #define VERSION "3.11"
| #define HAVE_LIBM 1
| #define X_DISPLAY_MISSING 1
| #define STDC_HEADERS 1
| #define HAVE_SYS_TYPES_H 1
| #define HAVE_SYS_STAT_H 1
| #define HAVE_STDLIB_H 1
| #define HAVE_STRING_H 1
| #define HAVE_MEMORY_H 1
| #define HAVE_STRINGS_H 1
| #define HAVE_INTTYPES_H 1
| #define HAVE_STDINT_H 1
| #define HAVE_UNISTD_H 1
| #define HAVE_FCNTL_H 1
| #define HAVE_LIMITS_H 1
| #define HAVE_STDLIB_H 1
| #define HAVE_STRING_H 1
| #define HAVE_STRINGS_H 1
| #define HAVE_SYS_IOCTL_H 1
| /* end confdefs.h.  */
| #include <stdio.h>
| #ifdef HAVE_SYS_TYPES_H
| # include <sys/types.h>
| #endif
| #ifdef HAVE_SYS_STAT_H
| # include <sys/stat.h>
| #endif
| #ifdef STDC_HEADERS
| # include <stdlib.h>
| # include <stddef.h>
| #else
| # ifdef HAVE_STDLIB_H
| #  include <stdlib.h>
| # endif
| #endif
| #ifdef HAVE_STRING_H
| # if !defined STDC_HEADERS && defined HAVE_MEMORY_H
| #  include <memory.h>
| # endif
| # include <string.h>
| #endif
| #ifdef HAVE_STRINGS_H
| # include <strings.h>
| #endif
| #ifdef HAVE_INTTYPES_H
| # include <inttypes.h>
| #endif
| #ifdef HAVE_STDINT_H
| # include <stdint.h>
| #endif
| #ifdef HAVE_UNISTD_H
| # include <unistd.h>
| #endif
| int
| main ()
| {
| if (sizeof ((size_t)))
| 	    return 0;
|   ;
|   return 0;
| }
configure:5809: result: yes
configure:5826: checking build system type
configure:5840: result: x86_64-pc-linux-gnu
configure:5860: checking host system type
configure:5873: result: x86_64-pc-linux-gnu
configure:5896: checking whether gcc needs -traditional
configure:5930: result: no
configure:5939: checking for stdlib.h
configure:5939: result: yes
configure:5949: checking for GNU libc compatible malloc
configure:5973: gcc -o conftest -g -O2   conftest.c -lm  >&5
configure:5973: $? = 0
configure:5973: ./conftest
configure:5973: $? = 0
configure:5983: result: yes
configure:6004: checking for working strtod
configure:6045: gcc -o conftest -g -O2   conftest.c -lm  >&5
configure:6045: $? = 0
configure:6045: ./conftest
configure:6045: $? = 0
configure:6055: result: yes
configure:6117: checking for pow
configure:6117: gcc -o conftest -g -O2   conftest.c -lm  >&5
conftest.c:54:6: warning: conflicting types for built-in function 'pow'; expected 'double(double,  double)' [-Wbuiltin-declaration-mismatch]
   54 | char pow ();
      |      ^~~
conftest.c:42:1: note: 'pow' is declared in header '<math.h>'
   41 | # include <limits.h>
   42 | #else
configure:6117: $? = 0
configure:6117: result: yes
configure:6124: checking for sqrt
configure:6124: gcc -o conftest -g -O2   conftest.c -lm  >&5
conftest.c:54:6: warning: conflicting types for built-in function 'sqrt'; expected 'double(double)' [-Wbuiltin-declaration-mismatch]
   54 | char sqrt ();
      |      ^~~~
conftest.c:42:1: note: 'sqrt' is declared in header '<math.h>'
   41 | # include <limits.h>
   42 | #else
configure:6124: $? = 0
configure:6124: result: yes
configure:6137: checking for bzero
configure:6137: gcc -o conftest -g -O2   conftest.c -lm  >&5
conftest.c:54:6: warning: conflicting types for built-in function 'bzero'; expected 'void(void *, long unsigned int)' [-Wbuiltin-declaration-mismatch]
   54 | char bzero ();
      |      ^~~~~
configure:6137: $? = 0
configure:6137: result: yes
configure:6137: checking for memset
configure:6137: gcc -o conftest -g -O2   conftest.c -lm  >&5
conftest.c:55:6: warning: conflicting types for built-in function 'memset'; expected 'void *(void *, int,  long unsigned int)' [-Wbuiltin-declaration-mismatch]
   55 | char memset ();
      |      ^~~~~~
conftest.c:43:1: note: 'memset' is declared in header '<string.h>'
   42 | # include <limits.h>
   43 | #else
configure:6137: $? = 0
configure:6137: result: yes
configure:6149: checking for strrchr
configure:6149: gcc -o conftest -g -O2   conftest.c -lm  >&5
conftest.c:56:6: warning: conflicting types for built-in function 'strrchr'; expected 'char *(const char *, int)' [-Wbuiltin-declaration-mismatch]
   56 | char strrchr ();
      |      ^~~~~~~
conftest.c:44:1: note: 'strrchr' is declared in header '<string.h>'
   43 | # include <limits.h>
   44 | #else
configure:6149: $? = 0
configure:6149: result: yes
configure:6149: checking for rindex
configure:6149: gcc -o conftest -g -O2   conftest.c -lm  >&5
conftest.c:57:6: warning: conflicting types for built-in function 'rindex'; expected 'char *(const char *, int)' [-Wbuiltin-declaration-mismatch]
   57 | char rindex ();
      |      ^~~~~~
configure:6149: $? = 0
configure:6149: result: yes
configure:6204: checking audio device
configure:6250: result: linux
configure:6252: checking sys/soundcard.h usability
configure:6252: gcc -c -g -O2  conftest.c >&5
configure:6252: $? = 0
configure:6252: result: yes
configure:6252: checking sys/soundcard.h presence
configure:6252: gcc -E  conftest.c
configure:6252: $? = 0
configure:6252: result: yes
configure:6252: checking for sys/soundcard.h
configure:6252: result: yes
configure:6526: checking that generated files are newer than configure
configure:6532: result: done
configure:6595: creating ./config.status

## ---------------------- ##
## Running config.status. ##
## ---------------------- ##

This file was extended by SPTK config.status 3.11, which was
generated by GNU Autoconf 2.69.  Invocation command line was

  CONFIG_FILES    = 
  CONFIG_HEADERS  = 
  CONFIG_LINKS    = 
  CONFIG_COMMANDS = 
  $ ./config.status 

on DESKTOP-SJD56LO

config.status:933: creating Makefile
config.status:933: creating bin/Makefile
config.status:933: creating bin/acep/Makefile
config.status:933: creating bin/acorr/Makefile
config.status:933: creating bin/acr2csm/Makefile
config.status:933: creating bin/agcep/Makefile
config.status:933: creating bin/amcep/Makefile
config.status:933: creating bin/average/Makefile
config.status:933: creating bin/b2mc/Makefile
config.status:933: creating bin/bcp/Makefile
config.status:933: creating bin/bcut/Makefile
config.status:933: creating bin/c2acr/Makefile
config.status:933: creating bin/c2ir/Makefile
config.status:933: creating bin/c2ndps/Makefile
config.status:933: creating bin/c2sp/Makefile
config.status:933: creating bin/cat2/Makefile
config.status:933: creating bin/cdist/Makefile
config.status:933: creating bin/clip/Makefile
config.status:933: creating bin/csm2acr/Makefile
config.status:933: creating bin/da/Makefile
config.status:933: creating bin/dct/Makefile
config.status:933: creating bin/decimate/Makefile
config.status:933: creating bin/delay/Makefile
config.status:933: creating bin/delta/Makefile
config.status:933: creating bin/df2/Makefile
config.status:933: creating bin/dfs/Makefile
config.status:933: creating bin/dmp/Makefile
config.status:933: creating bin/ds/Makefile
config.status:933: creating bin/dtw/Makefile
config.status:933: creating bin/echo2/Makefile
config.status:933: creating bin/excite/Makefile
config.status:933: creating bin/extract/Makefile
config.status:933: creating bin/fd/Makefile
config.status:933: creating bin/fft/Makefile
config.status:933: creating bin/fft2/Makefile
config.status:933: creating bin/fftcep/Makefile
config.status:933: creating bin/fftr/Makefile
config.status:933: creating bin/fftr2/Makefile
config.status:933: creating bin/fig+fdrw/Makefile
config.status:933: creating bin/frame/Makefile
config.status:933: creating bin/freqt/Makefile
config.status:933: creating bin/gc2gc/Makefile
config.status:933: creating bin/gcep/Makefile
config.status:933: creating bin/glsadf/Makefile
config.status:933: creating bin/gmm/Makefile
config.status:933: creating bin/gnorm/Makefile
config.status:933: creating bin/grpdelay/Makefile
config.status:933: creating bin/histogram/Makefile
config.status:933: creating bin/idct/Makefile
config.status:933: creating bin/ifft/Makefile
config.status:933: creating bin/ifftr/Makefile
config.status:933: creating bin/ifft2/Makefile
config.status:933: creating bin/ignorm/Makefile
config.status:933: creating bin/impulse/Makefile
config.status:933: creating bin/imsvq/Makefile
config.status:933: creating bin/interpolate/Makefile
config.status:933: creating bin/ivq/Makefile
config.status:933: creating bin/lbg/Makefile
config.status:933: creating bin/levdur/Makefile
config.status:933: creating bin/linear_intpl/Makefile
config.status:933: creating bin/lmadf/Makefile
config.status:933: creating bin/lpc/Makefile
config.status:933: creating bin/lpc2c/Makefile
config.status:933: creating bin/lpc2lsp/Makefile
config.status:933: creating bin/lpc2par/Makefile
config.status:933: creating bin/lsp2lpc/Makefile
config.status:933: creating bin/lsp2sp/Makefile
config.status:933: creating bin/lspcheck/Makefile
config.status:933: creating bin/lspdf/Makefile
config.status:933: creating bin/ltcdf/Makefile
config.status:933: creating bin/mc2b/Makefile
config.status:933: creating bin/mcep/Makefile
config.status:933: creating bin/merge/Makefile
config.status:933: creating bin/mfcc/Makefile
config.status:933: creating bin/mgc2mgc/Makefile
config.status:933: creating bin/mgc2sp/Makefile
config.status:933: creating bin/mgclsp2sp/Makefile
config.status:933: creating bin/mgcep/Makefile
config.status:933: creating bin/mglsadf/Makefile
config.status:933: creating bin/minmax/Makefile
config.status:933: creating bin/mlpg/Makefile
config.status:933: creating bin/mlsacheck/Makefile
config.status:933: creating bin/mlsadf/Makefile
config.status:933: creating bin/msvq/Makefile
config.status:933: creating bin/nan/Makefile
config.status:933: creating bin/ndps2c/Makefile
config.status:933: creating bin/norm0/Makefile
config.status:933: creating bin/nrand/Makefile
config.status:933: creating bin/par2lpc/Makefile
config.status:933: creating bin/pca/Makefile
config.status:933: creating bin/phase/Makefile
config.status:933: creating bin/pitch/Makefile
config.status:933: creating bin/pitch_mark/Makefile
config.status:933: creating bin/poledf/Makefile
config.status:933: creating bin/psgr/Makefile
config.status:933: creating bin/ramp/Makefile
config.status:933: creating bin/rawtowav/Makefile
config.status:933: creating bin/reverse/Makefile
config.status:933: creating bin/rlevdur/Makefile
config.status:933: creating bin/rmse/Makefile
config.status:933: creating bin/root_pol/Makefile
config.status:933: creating bin/sin/Makefile
config.status:933: creating bin/smcep/Makefile
config.status:933: creating bin/snr/Makefile
config.status:933: creating bin/sopr/Makefile
config.status:933: creating bin/spec/Makefile
config.status:933: creating bin/step/Makefile
config.status:933: creating bin/swab/Makefile
config.status:933: creating bin/symmetrize/Makefile
config.status:933: creating bin/train/Makefile
config.status:933: creating bin/transpose/Makefile
config.status:933: creating bin/uels/Makefile
config.status:933: creating bin/ulaw/Makefile
config.status:933: creating bin/us/Makefile
config.status:933: creating bin/vc/Makefile
config.status:933: creating bin/vopr/Makefile
config.status:933: creating bin/vq/Makefile
config.status:933: creating bin/vstat/Makefile
config.status:933: creating bin/vsum/Makefile
config.status:933: creating bin/wavjoin/Makefile
config.status:933: creating bin/wavsplit/Makefile
config.status:933: creating bin/window/Makefile
config.status:933: creating bin/x2x/Makefile
config.status:933: creating bin/xgr/Makefile
config.status:933: creating bin/zcross/Makefile
config.status:933: creating bin/zerodf/Makefile
config.status:933: creating include/Makefile
config.status:933: creating lib/Makefile
config.status:933: creating script/Makefile
config.status:1105: executing depfiles commands

## ---------------- ##
## Cache variables. ##
## ---------------- ##

ac_cv_build=x86_64-pc-linux-gnu
ac_cv_c_compiler_gnu=yes
ac_cv_c_const=yes
ac_cv_cxx_compiler_gnu=yes
ac_cv_env_CCC_set=
ac_cv_env_CCC_value=
ac_cv_env_CC_set=
ac_cv_env_CC_value=
ac_cv_env_CFLAGS_set=
ac_cv_env_CFLAGS_value=
ac_cv_env_CPPFLAGS_set=
ac_cv_env_CPPFLAGS_value=
ac_cv_env_CPP_set=
ac_cv_env_CPP_value=
ac_cv_env_CXXFLAGS_set=
ac_cv_env_CXXFLAGS_value=
ac_cv_env_CXX_set=
ac_cv_env_CXX_value=
ac_cv_env_LDFLAGS_set=
ac_cv_env_LDFLAGS_value=
ac_cv_env_LIBS_set=
ac_cv_env_LIBS_value=
ac_cv_env_XMKMF_set=
ac_cv_env_XMKMF_value=
ac_cv_env_build_alias_set=
ac_cv_env_build_alias_value=
ac_cv_env_host_alias_set=
ac_cv_env_host_alias_value=
ac_cv_env_target_alias_set=
ac_cv_env_target_alias_value=
ac_cv_func_bzero=yes
ac_cv_func_malloc_0_nonnull=yes
ac_cv_func_memset=yes
ac_cv_func_pow=yes
ac_cv_func_rindex=yes
ac_cv_func_sqrt=yes
ac_cv_func_strrchr=yes
ac_cv_func_strtod=yes
ac_cv_have_x=have_x=no
ac_cv_header_fcntl_h=yes
ac_cv_header_inttypes_h=yes
ac_cv_header_limits_h=yes
ac_cv_header_memory_h=yes
ac_cv_header_stdc=yes
ac_cv_header_stdint_h=yes
ac_cv_header_stdlib_h=yes
ac_cv_header_string_h=yes
ac_cv_header_strings_h=yes
ac_cv_header_sys_ioctl_h=yes
ac_cv_header_sys_soundcard_h=yes
ac_cv_header_sys_stat_h=yes
ac_cv_header_sys_types_h=yes
ac_cv_header_unistd_h=yes
ac_cv_host=x86_64-pc-linux-gnu
ac_cv_lib_m_log=yes
ac_cv_objext=o
ac_cv_path_CSH=/usr/bin/csh
ac_cv_path_EGREP='/usr/bin/grep -E'
ac_cv_path_GREP=/usr/bin/grep
ac_cv_path_install='/usr/bin/install -c'
ac_cv_path_mkdir=/usr/bin/mkdir
ac_cv_prog_AWK=gawk
ac_cv_prog_CPP='gcc -E'
ac_cv_prog_ac_ct_AR=ar
ac_cv_prog_ac_ct_CC=gcc
ac_cv_prog_ac_ct_CXX=g++
ac_cv_prog_ac_ct_RANLIB=ranlib
ac_cv_prog_cc_c89=
ac_cv_prog_cc_g=yes
ac_cv_prog_cxx_g=yes
ac_cv_prog_gcc_traditional=no
ac_cv_prog_make_make_set=yes
ac_cv_type_size_t=yes
am_cv_CC_dependencies_compiler_type=gcc3
am_cv_CXX_dependencies_compiler_type=gcc3
am_cv_make_support_nested_variables=yes
am_cv_prog_cc_c_o=yes

## ----------------- ##
## Output variables. ##
## ----------------- ##

ACLOCAL='${SHELL} /root/speech/TTS_Course/03_spss/tools/SPTK-3.11/config/missing aclocal-1.15'
AMDEPBACKSLASH='\'
AMDEP_FALSE='#'
AMDEP_TRUE=''
AMTAR='$${TAR-tar}'
AM_BACKSLASH='\'
AM_DEFAULT_V='$(AM_DEFAULT_VERBOSITY)'
AM_DEFAULT_VERBOSITY='1'
AM_V='$(V)'
AR='ar'
AUTOCONF='${SHELL} /root/speech/TTS_Course/03_spss/tools/SPTK-3.11/config/missing autoconf'
AUTOHEADER='${SHELL} /root/speech/TTS_Course/03_spss/tools/SPTK-3.11/config/missing autoheader'
AUTOMAKE='${SHELL} /root/speech/TTS_Course/03_spss/tools/SPTK-3.11/config/missing automake-1.15'
AWK='gawk'
CC='gcc'
CCDEPMODE='depmode=gcc3'
CFLAGS='-g -O2'
CPP='gcc -E'
CPPFLAGS=''
CSH='/usr/bin/csh'
CXX='g++'
CXXDEPMODE='depmode=gcc3'
CXXFLAGS='-g -O2'
CYGPATH_W='echo'
DEFS='-DPACKAGE_NAME=\"SPTK\" -DPACKAGE_TARNAME=\"SPTK\" -DPACKAGE_VERSION=\"3.11\" -DPACKAGE_STRING=\"SPTK\ 3.11\" -DPACKAGE_BUGREPORT=\"http://sourceforge.net/projects/sp-tk/\" -DPACKAGE_URL=\"\" -DPACKAGE=\"SPTK\" -DVERSION=\"3.11\" -DHAVE_LIBM=1 -DX_DISPLAY_MISSING=1 -DSTDC_HEADERS=1 -DHAVE_SYS_TYPES_H=1 -DHAVE_SYS_STAT_H=1 -DHAVE_STDLIB_H=1 -DHAVE_STRING_H=1 -DHAVE_MEMORY_H=1 -DHAVE_STRINGS_H=1 -DHAVE_INTTYPES_H=1 -DHAVE_STDINT_H=1 -DHAVE_UNISTD_H=1 -DHAVE_FCNTL_H=1 -DHAVE_LIMITS_H=1 -DHAVE_STDLIB_H=1 -DHAVE_STRING_H=1 -DHAVE_STRINGS_H=1 -DHAVE_SYS_IOCTL_H=1 -DHAVE_STDLIB_H=1 -DHAVE_MALLOC=1 -DHAVE_BZERO=1 -DHAVE_MEMSET=1 -DHAVE_STRRCHR=1 -DHAVE_RINDEX=1 -DFORMAT=\"float\" -DLINUX=1'
DEPDIR='.deps'
ECHO_C=''
ECHO_N='-n'
ECHO_T=''
EGREP='/usr/bin/grep -E'
EXEEXT=''
GREP='/usr/bin/grep'
INSTALL_DATA='${INSTALL} -m 644'
INSTALL_PROGRAM='${INSTALL}'
INSTALL_SCRIPT='${INSTALL}'
INSTALL_STRIP_PROGRAM='$(install_sh) -c -s'
IO_FORMAT='float'
IO_SYMBOL='f'
LDFLAGS=''
LIBOBJS=''
LIBS='-lm '
LN_S='ln -s'
LTLIBOBJS=''
MAKEINFO='${SHELL} /root/speech/TTS_Course/03_spss/tools/SPTK-3.11/config/missing makeinfo'
MKDIR_P='/usr/bin/mkdir -p'
OBJEXT='o'
PACKAGE='SPTK'
PACKAGE_BUGREPORT='http://sourceforge.net/projects/sp-tk/'
PACKAGE_NAME='SPTK'
PACKAGE_STRING='SPTK 3.11'
PACKAGE_TARNAME='SPTK'
PACKAGE_URL=''
PACKAGE_VERSION='3.11'
PATH_SEPARATOR=':'
POW_LIB=''
RANLIB='ranlib'
SET_MAKE=''
SHELL='/bin/bash'
STRIP=''
USEDA_FALSE='#'
USEDA_TRUE=''
USEXGR_FALSE=''
USEXGR_TRUE='#'
VERSION='3.11'
XMKMF=''
X_CFLAGS=''
X_EXTRA_LIBS=''
X_LIBS=''
X_PRE_LIBS=''
ac_ct_CC='gcc'
ac_ct_CXX='g++'
am__EXEEXT_FALSE=''
am__EXEEXT_TRUE='#'
am__fastdepCC_FALSE='#'
am__fastdepCC_TRUE=''
am__fastdepCXX_FALSE='#'
am__fastdepCXX_TRUE=''
am__include='include'
am__isrc=''
am__leading_dot='.'
am__nodep='_no'
am__quote=''
am__tar='$${TAR-tar} chof - "$$tardir"'
am__untar='$${TAR-tar} xf -'
bindir='${exec_prefix}/bin'
build='x86_64-pc-linux-gnu'
build_alias=''
build_cpu='x86_64'
build_os='linux-gnu'
build_vendor='pc'
datadir='${datarootdir}'
datarootdir='${prefix}/share'
docdir='${datarootdir}/doc/${PACKAGE_TARNAME}'
dvidir='${docdir}'
exec_prefix='${prefix}'
host='x86_64-pc-linux-gnu'
host_alias=''
host_cpu='x86_64'
host_os='linux-gnu'
host_vendor='pc'
htmldir='${docdir}'
includedir='${prefix}/include'
infodir='${datarootdir}/info'
install_sh='${SHELL} /root/speech/TTS_Course/03_spss/tools/SPTK-3.11/config/install-sh'
libdir='${exec_prefix}/lib'
libexecdir='${exec_prefix}/libexec'
localedir='${datarootdir}/locale'
localstatedir='${prefix}/var'
mandir='${datarootdir}/man'
mkdir_p='$(MKDIR_P)'
oldincludedir='/usr/include'
pdfdir='${docdir}'
prefix='/root/speech/TTS_Course/03_spss/tools/SPTK-3.11/build'
program_transform_name='s,x,x,'
psdir='${docdir}'
runstatedir='${localstatedir}/run'
sbindir='${exec_prefix}/sbin'
sharedstatedir='${prefix}/com'
sysconfdir='${prefix}/etc'
target_alias=''

## ----------- ##
## confdefs.h. ##
## ----------- ##

/* confdefs.h */
#define PACKAGE_NAME "SPTK"
#define PACKAGE_TARNAME "SPTK"
#define PACKAGE_VERSION "3.11"
#define PACKAGE_STRING "SPTK 3.11"
#define PACKAGE_BUGREPORT "http://sourceforge.net/projects/sp-tk/"
#define PACKAGE_URL ""
#define PACKAGE "SPTK"
#define VERSION "3.11"
#define HAVE_LIBM 1
#define X_DISPLAY_MISSING 1
#define STDC_HEADERS 1
#define HAVE_SYS_TYPES_H 1
#define HAVE_SYS_STAT_H 1
#define HAVE_STDLIB_H 1
#define HAVE_STRING_H 1
#define HAVE_MEMORY_H 1
#define HAVE_STRINGS_H 1
#define HAVE_INTTYPES_H 1
#define HAVE_STDINT_H 1
#define HAVE_UNISTD_H 1
#define HAVE_FCNTL_H 1
#define HAVE_LIMITS_H 1
#define HAVE_STDLIB_H 1
#define HAVE_STRING_H 1
#define HAVE_STRINGS_H 1
#define HAVE_SYS_IOCTL_H 1
#define HAVE_STDLIB_H 1
#define HAVE_MALLOC 1
#define HAVE_BZERO 1
#define HAVE_MEMSET 1
#define HAVE_STRRCHR 1
#define HAVE_RINDEX 1
#define FORMAT "float"
#define LINUX 1

configure: exit 0
